2024-09-19 21:45:47 - Starting GatewayApplication using Java 17.0.12 with PID 4375 (/Users/fahiraadindiah/Documents/Work/FinalProjectGroup3/backend/gateway/target/classes started by fahiraadindiah in /Users/fahiraadindiah/Documents/Work/FinalProjectGroup3)
2024-09-19 21:45:47 - No active profile set, falling back to 1 default profile: "default"
2024-09-19 21:45:47 - BeanFactory id=b0fb9e66-bf23-3059-bb01-d946a2741f12
2024-09-19 21:45:47 - Routes supplied from Gateway Properties: [RouteDefinition{id='auth-service', predicates=[PredicateDefinition{name='Path', args={_genkey_0=/api/v1/auth/**, _genkey_1=/api/v1/users/**}}], filters=[], uri=http://localhost:8081, order=0, metadata={}}, RouteDefinition{id='room-service', predicates=[PredicateDefinition{name='Path', args={_genkey_0=/api/v1/room/**}}], filters=[], uri=http://localhost:8083, order=0, metadata={}}]
2024-09-19 21:45:47 - Loaded RoutePredicateFactory [After]
2024-09-19 21:45:47 - Loaded RoutePredicateFactory [Before]
2024-09-19 21:45:47 - Loaded RoutePredicateFactory [Between]
2024-09-19 21:45:47 - Loaded RoutePredicateFactory [Cookie]
2024-09-19 21:45:47 - Loaded RoutePredicateFactory [Header]
2024-09-19 21:45:47 - Loaded RoutePredicateFactory [Host]
2024-09-19 21:45:47 - Loaded RoutePredicateFactory [Method]
2024-09-19 21:45:47 - Loaded RoutePredicateFactory [Path]
2024-09-19 21:45:47 - Loaded RoutePredicateFactory [Query]
2024-09-19 21:45:47 - Loaded RoutePredicateFactory [ReadBody]
2024-09-19 21:45:47 - Loaded RoutePredicateFactory [RemoteAddr]
2024-09-19 21:45:47 - Loaded RoutePredicateFactory [XForwardedRemoteAddr]
2024-09-19 21:45:47 - Loaded RoutePredicateFactory [Weight]
2024-09-19 21:45:47 - Loaded RoutePredicateFactory [CloudFoundryRouteService]
2024-09-19 21:45:47 - Patterns [/webjars/**, /**] in 'resourceHandlerMapping'
2024-09-19 21:45:47 - ControllerAdvice beans: 0 @ModelAttribute, 0 @InitBinder, 1 @ExceptionHandler
2024-09-19 21:45:47 - enableLoggingRequestDetails='false': form data and headers will be masked to prevent unsafe logging of potentially sensitive data
2024-09-19 21:45:47 - Unable to start LiveReload server
2024-09-19 21:45:47 - Netty started on port 8080 (http)
2024-09-19 21:45:47 - RouteDefinition auth-service applying {_genkey_0=/api/v1/auth/**, _genkey_1=/api/v1/users/**} to Path
2024-09-19 21:45:47 - RouteDefinition matched: auth-service
2024-09-19 21:45:47 - RouteDefinition room-service applying {_genkey_0=/api/v1/room/**} to Path
2024-09-19 21:45:47 - RouteDefinition matched: room-service
2024-09-19 21:45:47 - Started GatewayApplication in 0.381 seconds (process running for 5565.385)
2024-09-19 21:45:47 - Condition evaluation unchanged
2024-09-19 21:46:11 - Restarting due to 1 class path change (0 additions, 0 deletions, 1 modification)
